#
# There is insufficient memory for the Java Runtime Environment to continue.
# Native memory allocation (mmap) failed to map 264241152 bytes for G1 virtual space
# Possible reasons:
#   The system is out of physical RAM or swap space
#   The process is running with CompressedOops enabled, and the Java Heap may be blocking the growth of the native heap
# Possible solutions:
#   Reduce memory load on the system
#   Increase physical memory or swap space
#   Check if swap backing store is full
#   Decrease Java heap size (-Xmx/-Xms)
#   Decrease number of Java threads
#   Decrease Java thread stack sizes (-Xss)
#   Set larger code cache with -XX:ReservedCodeCacheSize=
#   JVM is running with Zero Based Compressed Oops mode in which the Java heap is
#     placed in the first 32GB address space. The Java Heap base address is the
#     maximum limit for the native heap growth. Please use -XX:HeapBaseMinAddress
#     to set the Java Heap base and to place the Java Heap above 32GB virtual address.
# This output file may be truncated or incomplete.
#
#  Out of Memory Error (os_windows.cpp:3532), pid=25752, tid=16988
#
# JRE version:  (17.0.2+8) (build )
# Java VM: OpenJDK 64-Bit Server VM (17.0.2+8-86, mixed mode, emulated-client, sharing, tiered, compressed oops, compressed class ptrs, g1 gc, windows-amd64)
# No core dump will be written. Minidumps are not enabled by default on client versions of Windows
#

---------------  S U M M A R Y ------------

Command Line: -XX:TieredStopAtLevel=1 -Xverify:none -Dspring.output.ansi.enabled=always -Dcom.sun.management.jmxremote -Dspring.jmx.enabled=true -Dspring.liveBeansView.mbeanDomain -Dspring.application.admin.enabled=true -javaagent:C:\Program Files\JetBrains\IntelliJ IDEA 2021.3.2\lib\idea_rt.jar=56262:C:\Program Files\JetBrains\IntelliJ IDEA 2021.3.2\bin -Dfile.encoding=UTF-8 io.takima.demo.Application

Host: 11th Gen Intel(R) Core(TM) i5-11300H @ 3.10GHz, 8 cores, 15G,  Windows 10 , 64 bit Build 19041 (10.0.19041.1889)
Time: Thu Oct 20 16:50:46 2022 Paris, Madrid elapsed time: 0.016380 seconds (0d 0h 0m 0s)

---------------  T H R E A D  ---------------

Current thread (0x000001fe26c2b300):  JavaThread "Unknown thread" [_thread_in_vm, id=16988, stack(0x00000051bf300000,0x00000051bf400000)]

Stack: [0x00000051bf300000,0x00000051bf400000]
Native frames: (J=compiled Java code, j=interpreted, Vv=VM code, C=native code)
V  [jvm.dll+0x670baa]
V  [jvm.dll+0x7cfcb4]
V  [jvm.dll+0x7d145e]
V  [jvm.dll+0x7d1ac3]
V  [jvm.dll+0x242bc5]
V  [jvm.dll+0x66dac9]
V  [jvm.dll+0x662412]
V  [jvm.dll+0x300c0b]
V  [jvm.dll+0x3081a6]
V  [jvm.dll+0x357d0e]
V  [jvm.dll+0x357f3f]
V  [jvm.dll+0x2d7ec8]
V  [jvm.dll+0x2d8e34]
V  [jvm.dll+0x7a18c1]
V  [jvm.dll+0x365a91]
V  [jvm.dll+0x780d2c]
V  [jvm.dll+0x3e845f]
V  [jvm.dll+0x3e9f01]
C  [jli.dll+0x527b]
C  [ucrtbase.dll+0x21bb2]
C  [KERNEL32.DLL+0x17034]
C  [ntdll.dll+0x526a1]


---------------  P R O C E S S  ---------------

Threads class SMR info:
_java_thread_list=0x00007ffa34609858, length=0, elements={
}

Java Threads: ( => current thread )

Other Threads:
  0x000001fe26c7cef0 GCTaskThread "GC Thread#0" [stack: 0x00000051bf400000,0x00000051bf500000] [id=26020]
  0x000001fe26c8d970 ConcurrentGCThread "G1 Main Marker" [stack: 0x00000051bf500000,0x00000051bf600000] [id=25156]
  0x000001fe26c8eb20 ConcurrentGCThread "G1 Conc#0" [stack: 0x00000051bf600000,0x00000051bf700000] [id=19196]

[error occurred during error reporting (printing all threads), id 0xc0000005, EXCEPTION_ACCESS_VIOLATION (0xc0000005) at pc=0x00007ffa33e588a7]

VM state: not at safepoint (not fully initialized)

VM Mutex/Monitor currently owned by a thread:  ([mutex/lock_event])
[0x000001fe26c284a0] Heap_lock - owner thread: 0x000001fe26c2b300

Heap address: 0x0000000704c00000, size: 4020 MB, Compressed Oops mode: Zero based, Oop shift amount: 3

CDS archive(s) mapped at: [0x0000000000000000-0x0000000000000000-0x0000000000000000), size 0, SharedBaseAddress: 0x0000000800000000, ArchiveRelocationMode: 0.
Narrow klass base: 0x0000000000000000, Narrow klass shift: 0, Narrow klass range: 0x0

GC Precious Log:
<Empty>

Heap:
 garbage-first heap   total 0K, used 0K [0x0000000704c00000, 0x0000000800000000)
  region size 2048K, 0 young (0K), 0 survivors (0K)

[error occurred during error reporting (printing heap information), id 0xc0000005, EXCEPTION_ACCESS_VIOLATION (0xc0000005) at pc=0x00007ffa34239f19]

GC Heap History (0 events):
No events

Deoptimization events (0 events):
No events

Classes unloaded (0 events):
No events

Classes redefined (0 events):
No events

Internal exceptions (0 events):
No events

VM Operations (0 events):
No events

Events (1 events):
Event: 0.009 Loaded shared library C:\Users\Sumpark\.jdks\openjdk-17.0.2\bin\java.dll


Dynamic libraries:
0x00007ff7f0080000 - 0x00007ff7f008e000 	C:\Users\Sumpark\.jdks\openjdk-17.0.2\bin\java.exe
0x00007ffb29d30000 - 0x00007ffb29f28000 	C:\Windows\SYSTEM32\ntdll.dll
0x00007ffb27fd0000 - 0x00007ffb2808d000 	C:\Windows\System32\KERNEL32.DLL
0x00007ffb27a10000 - 0x00007ffb27ce2000 	C:\Windows\System32\KERNELBASE.dll
0x00007ffb278e0000 - 0x00007ffb279e0000 	C:\Windows\System32\ucrtbase.dll
0x00007ffadfc70000 - 0x00007ffadfc88000 	C:\Users\Sumpark\.jdks\openjdk-17.0.2\bin\jli.dll
0x00007ffae3d20000 - 0x00007ffae3d3a000 	C:\Users\Sumpark\.jdks\openjdk-17.0.2\bin\VCRUNTIME140.dll
0x00007ffb28240000 - 0x00007ffb283dd000 	C:\Windows\System32\USER32.dll
0x00007ffb279e0000 - 0x00007ffb27a02000 	C:\Windows\System32\win32u.dll
0x00007ffb29a00000 - 0x00007ffb29a2b000 	C:\Windows\System32\GDI32.dll
0x00007ffb27540000 - 0x00007ffb2764f000 	C:\Windows\System32\gdi32full.dll
0x00007ffb08d70000 - 0x00007ffb0900a000 	C:\Windows\WinSxS\amd64_microsoft.windows.common-controls_6595b64144ccf1df_6.0.19041.1110_none_60b5254171f9507e\COMCTL32.dll
0x00007ffb29010000 - 0x00007ffb290ae000 	C:\Windows\System32\msvcrt.dll
0x00007ffb27cf0000 - 0x00007ffb27d8d000 	C:\Windows\System32\msvcp_win.dll
0x00007ffb28750000 - 0x00007ffb28780000 	C:\Windows\System32\IMM32.DLL
0x00007ffb00a70000 - 0x00007ffb00a7c000 	C:\Users\Sumpark\.jdks\openjdk-17.0.2\bin\vcruntime140_1.dll
0x00007ffa7f4c0000 - 0x00007ffa7f54d000 	C:\Users\Sumpark\.jdks\openjdk-17.0.2\bin\msvcp140.dll
0x00007ffa33b70000 - 0x00007ffa34731000 	C:\Users\Sumpark\.jdks\openjdk-17.0.2\bin\server\jvm.dll
0x00007ffb284b0000 - 0x00007ffb2855e000 	C:\Windows\System32\ADVAPI32.dll
0x00007ffb27e40000 - 0x00007ffb27edc000 	C:\Windows\System32\sechost.dll
0x00007ffb29a30000 - 0x00007ffb29b55000 	C:\Windows\System32\RPCRT4.dll
0x00007ffb27ee0000 - 0x00007ffb27ee8000 	C:\Windows\System32\PSAPI.DLL
0x00007ffb16880000 - 0x00007ffb16889000 	C:\Windows\SYSTEM32\WSOCK32.dll
0x00007ffb14e70000 - 0x00007ffb14e97000 	C:\Windows\SYSTEM32\WINMM.dll
0x00007ffb1cde0000 - 0x00007ffb1cdea000 	C:\Windows\SYSTEM32\VERSION.dll
0x00007ffb290b0000 - 0x00007ffb2911b000 	C:\Windows\System32\WS2_32.dll
0x00007ffb25cb0000 - 0x00007ffb25cc2000 	C:\Windows\SYSTEM32\kernel.appcore.dll
0x00007ffaffa50000 - 0x00007ffaffa5a000 	C:\Users\Sumpark\.jdks\openjdk-17.0.2\bin\jimage.dll
0x00007ffb257a0000 - 0x00007ffb25984000 	C:\Windows\SYSTEM32\DBGHELP.DLL
0x00007ffb02590000 - 0x00007ffb025bc000 	C:\Windows\SYSTEM32\dbgcore.DLL
0x00007ffb274b0000 - 0x00007ffb27532000 	C:\Windows\System32\bcryptPrimitives.dll
0x00007ffaf0c50000 - 0x00007ffaf0c5e000 	C:\Users\Sumpark\.jdks\openjdk-17.0.2\bin\instrument.dll
0x00007ffadf760000 - 0x00007ffadf785000 	C:\Users\Sumpark\.jdks\openjdk-17.0.2\bin\java.dll

dbghelp: loaded successfully - version: 4.0.5 - missing functions: none
symbol engine: initialized successfully - sym options: 0x614 - pdb path: .;C:\Users\Sumpark\.jdks\openjdk-17.0.2\bin;C:\Windows\SYSTEM32;C:\Windows\WinSxS\amd64_microsoft.windows.common-controls_6595b64144ccf1df_6.0.19041.1110_none_60b5254171f9507e;C:\Users\Sumpark\.jdks\openjdk-17.0.2\bin\server

VM Arguments:
jvm_args: -XX:TieredStopAtLevel=1 -Xverify:none -Dspring.output.ansi.enabled=always -Dcom.sun.management.jmxremote -Dspring.jmx.enabled=true -Dspring.liveBeansView.mbeanDomain -Dspring.application.admin.enabled=true -javaagent:C:\Program Files\JetBrains\IntelliJ IDEA 2021.3.2\lib\idea_rt.jar=56262:C:\Program Files\JetBrains\IntelliJ IDEA 2021.3.2\bin -Dfile.encoding=UTF-8 
java_command: io.takima.demo.Application
java_class_path (initial): C:\Users\Sumpark\Desktop\EPF\Java\Projet\api\target\classes;C:\Users\Sumpark\.m2\repository\org\mariadb\jdbc\mariadb-java-client\2.7.0\mariadb-java-client-2.7.0.jar;C:\Users\Sumpark\.m2\repository\org\springframework\boot\spring-boot-starter-data-jpa\2.3.2.RELEASE\spring-boot-starter-data-jpa-2.3.2.RELEASE.jar;C:\Users\Sumpark\.m2\repository\org\springframework\boot\spring-boot-starter-aop\2.3.2.RELEASE\spring-boot-starter-aop-2.3.2.RELEASE.jar;C:\Users\Sumpark\.m2\repository\org\springframework\spring-aop\5.2.8.RELEASE\spring-aop-5.2.8.RELEASE.jar;C:\Users\Sumpark\.m2\repository\org\aspectj\aspectjweaver\1.9.6\aspectjweaver-1.9.6.jar;C:\Users\Sumpark\.m2\repository\org\springframework\boot\spring-boot-starter-jdbc\2.3.2.RELEASE\spring-boot-starter-jdbc-2.3.2.RELEASE.jar;C:\Users\Sumpark\.m2\repository\com\zaxxer\HikariCP\3.4.5\HikariCP-3.4.5.jar;C:\Users\Sumpark\.m2\repository\org\springframework\spring-jdbc\5.2.8.RELEASE\spring-jdbc-5.2.8.RELEASE.jar;C:\Users\Sumpark\.m2\repository\jakarta\transaction\jakarta.transaction-api\1.3.3\jakarta.transaction-api-1.3.3.jar;C:\Users\Sumpark\.m2\repository\jakarta\persistence\jakarta.persistence-api\2.2.3\jakarta.persistence-api-2.2.3.jar;C:\Users\Sumpark\.m2\repository\org\springframework\data\spring-data-jpa\2.3.2.RELEASE\spring-data-jpa-2.3.2.RELEASE.jar;C:\Users\Sumpark\.m2\repository\org\springframework\data\spring-data-commons\2.3.2.RELEASE\spring-data-commons-2.3.2.RELEASE.jar;C:\Users\Sumpark\.m2\repository\org\springframework\spring-orm\5.2.8.RELEASE\spring-orm-5.2.8.RELEASE.jar;C:\Users\Sumpark\.m2\repository\org\springframework\spring-context\5.2.8.RELEASE\spring-context-5.2.8.RELEASE.jar;C:\Users\Sumpark\.m2\repository\org\springframework\spring-tx\5.2.8.RELEASE\spring-tx-5.2.8.RELEASE.jar;C:\Users\Sumpark\.m2\repository\org\springframework\spring-beans\5.2.8.RELEASE\spring-beans-5.2.8.RELEASE.jar;C:\Users\Sumpark\.m2\repository\org\slf4j\slf4j-api\1.7.30\slf4j-api-1.7.30.jar;C:\Users
Launcher Type: SUN_STANDARD

[Global flags]
     intx CICompilerCount                          = 4                                         {product} {ergonomic}
     uint ConcGCThreads                            = 2                                         {product} {ergonomic}
     uint G1ConcRefinementThreads                  = 8                                         {product} {ergonomic}
   size_t G1HeapRegionSize                         = 2097152                                   {product} {ergonomic}
    uintx GCDrainStackTargetSize                   = 64                                        {product} {ergonomic}
   size_t InitialHeapSize                          = 264241152                                 {product} {ergonomic}
     bool ManagementServer                         = true                                      {product} {command line}
   size_t MarkStackSize                            = 4194304                                   {product} {ergonomic}
   size_t MaxHeapSize                              = 4215275520                                {product} {ergonomic}
   size_t MinHeapDeltaBytes                        = 2097152                                   {product} {ergonomic}
   size_t MinHeapSize                              = 8388608                                   {product} {ergonomic}
    uintx NonProfiledCodeHeapSize                  = 0                                      {pd product} {ergonomic}
     bool ProfileInterpreter                       = false                                  {pd product} {command line}
    uintx ProfiledCodeHeapSize                     = 0                                      {pd product} {ergonomic}
   size_t SoftMaxHeapSize                          = 4215275520                             {manageable} {ergonomic}
     intx TieredStopAtLevel                        = 1                                         {product} {command line}
     bool UseCompressedClassPointers               = true                           {product lp64_product} {ergonomic}
     bool UseCompressedOops                        = true                           {product lp64_product} {ergonomic}
     bool UseG1GC                                  = true                                      {product} {ergonomic}
     bool UseLargePagesIndividualAllocation        = false                                  {pd product} {ergonomic}

Logging:
Log output configuration:
 #0: stdout all=warning uptime,level,tags
 #1: stderr all=off uptime,level,tags

Environment Variables:
JAVA_HOME=C:\Program Files\Java\jdk-17.0.2
PATH=C:\Program Files (x86)\VMware\VMware Workstation\bin\;C:\Program Files\Common Files\Oracle\Java\javapath;C:\Program Files (x86)\Common Files\Oracle\Java\javapath;C:\oraclexe\app\oracle\product\11.2.0\server\bin;C:\Windows\system32;C:\Windows;C:\Windows\System32\Wbem;C:\Windows\System32\WindowsPowerShell\v1.0\;C:\Windows\System32\OpenSSH\;C:\Program Files (x86)\NVIDIA Corporation\PhysX\Common;C:\Program Files\NVIDIA Corporation\NVIDIA NvDLISR;C:\Maven\bin;C:\Program Files\nodejs\;C:\Program Files\dotnet\;C:\Program Files\Git\cmd;C:\Program Files\Docker\Docker\resources\bin;C:\ProgramData\DockerDesktop\version-bin;C:\Program Files\PuTTY\;C:\Users\Sumpark\AppData\Local\activestate\cache\bin;C:\Users\Sumpark\AppData\Local\ActiveState\StateTool\release;C:\Users\Sumpark\AppData\Local\Programs\Python\Python39\Scripts\;C:\Users\Sumpark\AppData\Local\Programs\Python\Python39\;C:\Users\Sumpark\AppData\Local\Microsoft\WindowsApps;C:\Users\Sumpark\AppData\Local\Programs\Microsoft VS Code\bin;C:\Program Files\heroku\bin;C:\Users\Sumpark\AppData\Roaming\npm
USERNAME=Sumpark
OS=Windows_NT
PROCESSOR_IDENTIFIER=Intel64 Family 6 Model 140 Stepping 1, GenuineIntel



---------------  S Y S T E M  ---------------

OS:
 Windows 10 , 64 bit Build 19041 (10.0.19041.1889)
OS uptime: 0 days 1:30 hours
Hyper-V role detected

CPU: total 8 (initial active 8) (4 cores per cpu, 2 threads per core) family 6 model 140 stepping 1 microcode 0x86, cx8, cmov, fxsr, ht, mmx, 3dnowpref, sse, sse2, sse3, ssse3, sse4.1, sse4.2, popcnt, lzcnt, tsc, tscinvbit, avx, avx2, aes, erms, clmul, bmi1, bmi2, adx, avx512f, avx512dq, avx512cd, avx512bw, avx512vl, sha, fma, vzeroupper, avx512_vpopcntdq, avx512_vpclmulqdq, avx512_vaes, avx512_vnni, clflush, clflushopt, clwb, avx512_vbmi2, avx512_vbmi, hv

Memory: 4k page, system-wide physical 16075M (956M free)
TotalPageFile size 21303M (AvailPageFile size 198M)
current process WorkingSet (physical memory assigned to process): 11M, peak: 11M
current process commit charge ("private bytes"): 55M, peak: 307M

vm_info: OpenJDK 64-Bit Server VM (17.0.2+8-86) for windows-amd64 JRE (17.0.2+8-86), built on Dec  7 2021 21:49:10 by "mach5one" with MS VC++ 16.8 / 16.9 (VS2019)

END.
